# JRE version: OpenJDK Runtime Environment Temurin-21.0.7+6 (21.0.7+6) (build 21.0.7+6-LTS)
# Java VM: OpenJDK 64-Bit Server VM Temurin-21.0.7+6 (21.0.7+6-LTS, mixed mode, sharing, tiered, compressed oops, compressed class ptrs, g1 gc, windows-amd64)
GC Precious Log:
 CardTable entry size: 512
 Card Set container configuration: InlinePtr #cards 5 size 8 Array Of Cards #cards 12 size 40 Howl #buckets 4 coarsen threshold 1843 Howl Bitmap #cards 512 size 80 coarsen threshold 460 Card regions per heap region 1 cards per card region 2048
 CPUs: 16 total, 16 available
 Memory: 32694M
 Large Page Support: Disabled
 NUMA Support: Disabled
 Compressed Oops: Enabled (32-bit)
 Heap Region Size: 1M
 Heap Min Capacity: 64M
 Heap Initial Capacity: 64M
 Heap Max Capacity: 64M
 Pre-touch: Disabled
 Parallel Workers: 13
 Concurrent Workers: 3
 Concurrent Refinement Workers: 13
 Periodic GC: Disabled
Heap:
 garbage-first heap   total 65536K, used 12419K [0x00000000fc000000, 0x0000000100000000)
  region size 1024K, 2 young (2048K), 1 survivors (1024K)
 Metaspace       used 10119K, committed 10496K, reserved 1114112K
  class space    used 1290K, committed 1472K, reserved 1048576K
GC Heap History (16 events):
Event: 0.276 GC heap before
{Heap before GC invocations=0 (full 0):
 garbage-first heap   total 65536K, used 22528K [0x00000000fc000000, 0x0000000100000000)
  region size 1024K, 23 young (23552K), 0 survivors (0K)
 Metaspace       used 1644K, committed 1856K, reserved 1114112K
  class space    used 151K, committed 256K, reserved 1048576K
}
Event: 0.278 GC heap after
{Heap after GC invocations=1 (full 0):
 garbage-first heap   total 65536K, used 2048K [0x00000000fc000000, 0x0000000100000000)
  region size 1024K, 2 young (2048K), 2 survivors (2048K)
 Metaspace       used 1644K, committed 1856K, reserved 1114112K
  class space    used 151K, committed 256K, reserved 1048576K
}
Event: 0.776 GC heap before
{Heap before GC invocations=1 (full 0):
 garbage-first heap   total 65536K, used 37888K [0x00000000fc000000, 0x0000000100000000)
  region size 1024K, 35 young (35840K), 2 survivors (2048K)
 Metaspace       used 7967K, committed 8256K, reserved 1114112K
  class space    used 1069K, committed 1216K, reserved 1048576K
}
Event: 0.779 GC heap after
{Heap after GC invocations=2 (full 0):
 garbage-first heap   total 65536K, used 11796K [0x00000000fc000000, 0x0000000100000000)
  region size 1024K, 5 young (5120K), 5 survivors (5120K)
 Metaspace       used 7967K, committed 8256K, reserved 1114112K
  class space    used 1069K, committed 1216K, reserved 1048576K
}
Event: 1831.284 GC heap before
{Heap before GC invocations=2 (full 0):
 garbage-first heap   total 65536K, used 42516K [0x00000000fc000000, 0x0000000100000000)
  region size 1024K, 35 young (35840K), 5 survivors (5120K)
 Metaspace       used 10007K, committed 10368K, reserved 1114112K
  class space    used 1283K, committed 1472K, reserved 1048576K
}
Event: 1831.288 GC heap after
{Heap after GC invocations=3 (full 0):
 garbage-first heap   total 65536K, used 12570K [0x00000000fc000000, 0x0000000100000000)
  region size 1024K, 1 young (1024K), 1 survivors (1024K)
 Metaspace       used 10007K, committed 10368K, reserved 1114112K
  class space    used 1283K, committed 1472K, reserved 1048576K
}
Event: 4386.901 GC heap before
{Heap before GC invocations=3 (full 0):
 garbage-first heap   total 65536K, used 45338K [0x00000000fc000000, 0x0000000100000000)
  region size 1024K, 33 young (33792K), 1 survivors (1024K)
 Metaspace       used 10032K, committed 10368K, reserved 1114112K
  class space    used 1283K, committed 1472K, reserved 1048576K
}
Event: 4386.904 GC heap after
{Heap after GC invocations=4 (full 0):
 garbage-first heap   total 65536K, used 12416K [0x00000000fc000000, 0x0000000100000000)
  region size 1024K, 1 young (1024K), 1 survivors (1024K)
 Metaspace       used 10032K, committed 10368K, reserved 1114112K
  class space    used 1283K, committed 1472K, reserved 1048576K
}
Event: 7342.495 GC heap before
{Heap before GC invocations=4 (full 0):
 garbage-first heap   total 65536K, used 50304K [0x00000000fc000000, 0x0000000100000000)
  region size 1024K, 38 young (38912K), 1 survivors (1024K)
 Metaspace       used 10035K, committed 10368K, reserved 1114112K
  class space    used 1283K, committed 1472K, reserved 1048576K
}
Event: 7342.497 GC heap after
{Heap after GC invocations=5 (full 0):
 garbage-first heap   total 65536K, used 12421K [0x00000000fc000000, 0x0000000100000000)
  region size 1024K, 1 young (1024K), 1 survivors (1024K)
 Metaspace       used 10035K, committed 10368K, reserved 1114112K
  class space    used 1283K, committed 1472K, reserved 1048576K
}
Event: 10423.182 GC heap before
{Heap before GC invocations=5 (full 0):
 garbage-first heap   total 65536K, used 50309K [0x00000000fc000000, 0x0000000100000000)
  region size 1024K, 38 young (38912K), 1 survivors (1024K)
 Metaspace       used 10037K, committed 10368K, reserved 1114112K
  class space    used 1283K, committed 1472K, reserved 1048576K
}
Event: 10423.183 GC heap after
{Heap after GC invocations=6 (full 0):
 garbage-first heap   total 65536K, used 12385K [0x00000000fc000000, 0x0000000100000000)
  region size 1024K, 1 young (1024K), 1 survivors (1024K)
 Metaspace       used 10037K, committed 10368K, reserved 1114112K
  class space    used 1283K, committed 1472K, reserved 1048576K
}
Event: 13496.181 GC heap before
{Heap before GC invocations=6 (full 0):
 garbage-first heap   total 65536K, used 50273K [0x00000000fc000000, 0x0000000100000000)
  region size 1024K, 38 young (38912K), 1 survivors (1024K)
 Metaspace       used 10037K, committed 10368K, reserved 1114112K
  class space    used 1283K, committed 1472K, reserved 1048576K
}
Event: 13496.182 GC heap after
{Heap after GC invocations=7 (full 0):
 garbage-first heap   total 65536K, used 12437K [0x00000000fc000000, 0x0000000100000000)
  region size 1024K, 1 young (1024K), 1 survivors (1024K)
 Metaspace       used 10037K, committed 10368K, reserved 1114112K
  class space    used 1283K, committed 1472K, reserved 1048576K
}
Event: 16486.392 GC heap before
{Heap before GC invocations=7 (full 0):
 garbage-first heap   total 65536K, used 50325K [0x00000000fc000000, 0x0000000100000000)
  region size 1024K, 38 young (38912K), 1 survivors (1024K)
 Metaspace       used 10045K, committed 10432K, reserved 1114112K
  class space    used 1284K, committed 1472K, reserved 1048576K
}
Event: 16486.394 GC heap after
{Heap after GC invocations=8 (full 0):
 garbage-first heap   total 65536K, used 12419K [0x00000000fc000000, 0x0000000100000000)
  region size 1024K, 1 young (1024K), 1 survivors (1024K)
 Metaspace       used 10045K, committed 10432K, reserved 1114112K
  class space    used 1284K, committed 1472K, reserved 1048576K
}

